info it worked if it ends with ok
verbose cli [ 'node', '/usr/local/bin/npm', 'install', 'ansi_color' ]
info using npm@1.1.1
info using node@v0.6.11
verbose config file /Users/cristi/.npmrc
verbose config file /usr/local/etc/npmrc
verbose config file /usr/local/lib/node_modules/npm/npmrc
verbose caching /Users/cristi/Desktop/websteer/guys/package.json
verbose loadDefaults guys-example@0.0.1
verbose caching /Users/cristi/Desktop/websteer/guys/node_modules/backbone/package.json
verbose loadDefaults backbone@0.9.1
verbose caching /Users/cristi/Desktop/websteer/guys/node_modules/express/package.json
verbose loadDefaults express@2.5.8
verbose caching /Users/cristi/Desktop/websteer/guys/node_modules/socket.io/package.json
verbose loadDefaults socket.io@0.9.0
verbose caching /Users/cristi/Desktop/websteer/guys/node_modules/underscore/package.json
verbose loadDefaults underscore@1.3.1
verbose caching /Users/cristi/Desktop/websteer/guys/node_modules/nodemon/package.json
verbose loadDefaults nodemon@0.6.12
verbose caching /Users/cristi/Desktop/websteer/guys/node_modules/requirejs/package.json
verbose loadDefaults requirejs@1.0.7
verbose from cache /Users/cristi/Desktop/websteer/guys/package.json
verbose cache add [ 'ansi_color', null ]
silly cache add: name, spec, args [ undefined, 'ansi_color', [ 'ansi_color', null ] ]
verbose parsed url { pathname: 'ansi_color',
verbose parsed url   path: 'ansi_color',
verbose parsed url   href: 'ansi_color' }
verbose addNamed [ 'ansi_color', '' ]
verbose addNamed [ null, '' ]
silly name, range, hasData [ 'ansi_color', '', false ]
verbose raw, before any munging ansi_color
verbose url resolving [ 'https://registry.npmjs.org/', './ansi_color' ]
verbose url resolved https://registry.npmjs.org/ansi_color
http GET https://registry.npmjs.org/ansi_color
http 404 https://registry.npmjs.org/ansi_color
silly get cb [ 404,
silly get cb   { server: 'CouchDB/1.1.0 (Erlang OTP/R14B04)',
silly get cb     date: 'Sun, 04 Mar 2012 20:17:18 GMT',
silly get cb     'content-type': 'application/json',
silly get cb     'content-length': '52',
silly get cb     'cache-control': 'must-revalidate' } ]
ERR! 404 'ansi_color' is not in the npm registry.
ERR! 404 You should bug the author to publish it
ERR! 404 Note that you can also install from a
ERR! 404 tarball, folder, or http url, or git url.
ERR! 
ERR! System Darwin 11.3.0
ERR! command "node" "/usr/local/bin/npm" "install" "ansi_color"
ERR! cwd /Users/cristi/Desktop/websteer/guys
ERR! node -v v0.6.11
ERR! npm -v 1.1.1
ERR! code E404
ERR! message 404 Not Found: ansi_color
ERR! errno {}
verbose exit [ 1, true ]
